
New session started at: 2023-06-13T11:28:11+06:00
INFO: 2023/06/13 11:28:11 logging.go:44: Connecting to MongoDB...

New session started at: 2023-06-13T11:59:02+06:00
INFO: 2023/06/13 11:59:02 logging.go:44: Connecting to MongoDB...
INFO: 2023/06/13 11:59:04 logging.go:44: Successfully connected to MongoDB!
INFO: 2023/06/13 11:59:05 logging.go:44: Created index name_text
INFO: 2023/06/13 13:00:25 logging.go:44: Shutting down server...
INFO: 2023/06/13 13:00:25 logging.go:44: Running cleanning up tasks...

New session started at: 2023-06-13T13:46:50+06:00
INFO: 2023/06/13 13:46:50 logging.go:44: Connecting to MongoDB...
INFO: 2023/06/13 13:46:52 logging.go:44: Successfully connected to MongoDB!
INFO: 2023/06/13 13:46:53 logging.go:44: Created index name_text
INFO: 2023/06/13 14:08:12 logging.go:44: Shutting down server...
INFO: 2023/06/13 14:08:12 logging.go:44: Running cleanning up tasks...

New session started at: 2023-06-13T14:08:20+06:00
INFO: 2023/06/13 14:08:20 logging.go:44: Connecting to MongoDB...
INFO: 2023/06/13 14:08:22 logging.go:44: Successfully connected to MongoDB!
INFO: 2023/06/13 14:08:22 logging.go:44: Created index name_text
INFO: 2023/06/13 14:23:02 logging.go:44: Shutting down server...
INFO: 2023/06/13 14:23:04 logging.go:44: Running cleanning up tasks...

New session started at: 2023-06-14T14:33:38+06:00
INFO: 2023/06/14 14:33:38 logging.go:44: Connecting to MongoDB...
INFO: 2023/06/14 14:33:41 logging.go:44: Successfully connected to MongoDB!
INFO: 2023/06/14 14:33:42 logging.go:44: Created index name_text
