
New session started at: 2023-06-13T11:28:11+06:00

New session started at: 2023-06-13T11:59:02+06:00
WARNING: 2023/06/13 11:59:04 logging.go:48: Collection products already exists
WARNING: 2023/06/13 11:59:04 logging.go:48: Collection wiki already exists
WARNING: 2023/06/13 11:59:05 logging.go:48: Collection comments already exists
WARNING: 2023/06/13 11:59:05 logging.go:48: Collection service_masters already exists
WARNING: 2023/06/13 11:59:05 logging.go:48: Collection posts already exists
WARNING: 2023/06/13 11:59:05 logging.go:48: Collection news already exists
WARNING: 2023/06/13 11:59:05 logging.go:48: Collection purchase_history already exists
WARNING: 2023/06/13 11:59:05 logging.go:48: Collection users already exists

New session started at: 2023-06-13T13:46:50+06:00
WARNING: 2023/06/13 13:46:52 logging.go:48: Collection news already exists
WARNING: 2023/06/13 13:46:52 logging.go:48: Collection users already exists
WARNING: 2023/06/13 13:46:52 logging.go:48: Collection products already exists
WARNING: 2023/06/13 13:46:52 logging.go:48: Collection posts already exists
WARNING: 2023/06/13 13:46:52 logging.go:48: Collection service_masters already exists
WARNING: 2023/06/13 13:46:52 logging.go:48: Collection purchase_history already exists
WARNING: 2023/06/13 13:46:52 logging.go:48: Collection wiki already exists
WARNING: 2023/06/13 13:46:52 logging.go:48: Collection comments already exists

New session started at: 2023-06-13T14:08:20+06:00
WARNING: 2023/06/13 14:08:22 logging.go:48: Collection news already exists
WARNING: 2023/06/13 14:08:22 logging.go:48: Collection users already exists
WARNING: 2023/06/13 14:08:22 logging.go:48: Collection service_masters already exists
WARNING: 2023/06/13 14:08:22 logging.go:48: Collection posts already exists
WARNING: 2023/06/13 14:08:22 logging.go:48: Collection products already exists
WARNING: 2023/06/13 14:08:22 logging.go:48: Collection wiki already exists
WARNING: 2023/06/13 14:08:22 logging.go:48: Collection purchase_history already exists
WARNING: 2023/06/13 14:08:22 logging.go:48: Collection comments already exists

New session started at: 2023-06-14T14:33:38+06:00
WARNING: 2023/06/14 14:33:42 logging.go:48: Collection posts already exists
WARNING: 2023/06/14 14:33:42 logging.go:48: Collection service_masters already exists
WARNING: 2023/06/14 14:33:42 logging.go:48: Collection products already exists
WARNING: 2023/06/14 14:33:42 logging.go:48: Collection users already exists
WARNING: 2023/06/14 14:33:42 logging.go:48: Collection wiki already exists
WARNING: 2023/06/14 14:33:42 logging.go:48: Collection purchase_history already exists
WARNING: 2023/06/14 14:33:42 logging.go:48: Collection news already exists
WARNING: 2023/06/14 14:33:42 logging.go:48: Collection comments already exists
